<?xml version="1.0" encoding="UTF-8"?>
<testng-results skipped="0" failed="0" total="1" passed="1">
  <reporter-output>
  </reporter-output>
  <suite name="Default suite" duration-ms="17246" started-at="2015-07-14T05:24:35Z" finished-at="2015-07-14T05:24:52Z">
    <groups>
    </groups>
    <test name="Default test" duration-ms="17246" started-at="2015-07-14T05:24:35Z" finished-at="2015-07-14T05:24:52Z">
      <class name="day26.POMControl2">
        <test-method status="PASS" signature="pomTest()[pri:0, instance:day26.POMControl2@2bc5cd05]" name="pomTest" duration-ms="17231" started-at="2015-07-13T22:24:35Z" finished-at="2015-07-13T22:24:52Z">
          <reporter-output>
          </reporter-output>
        </test-method> <!-- pomTest -->
      </class> <!-- day26.POMControl2 -->
    </test> <!-- Default test -->
  </suite> <!-- Default suite -->
</testng-results>
